#
# There is insufficient memory for the Java Runtime Environment to continue.
# Native memory allocation (malloc) failed to allocate 996880 bytes for Chunk::new
# Possible reasons:
#   The system is out of physical RAM or swap space
#   The process is running with CompressedOops enabled, and the Java Heap may be blocking the growth of the native heap
# Possible solutions:
#   Reduce memory load on the system
#   Increase physical memory or swap space
#   Check if swap backing store is full
#   Decrease Java heap size (-Xmx/-Xms)
#   Decrease number of Java threads
#   Decrease Java thread stack sizes (-Xss)
#   Set larger code cache with -XX:ReservedCodeCacheSize=
#   JVM is running with Unscaled Compressed Oops mode in which the Java heap is
#     placed in the first 4GB address space. The Java Heap base address is the
#     maximum limit for the native heap growth. Please use -XX:HeapBaseMinAddress
#     to set the Java Heap base and to place the Java Heap above 4GB virtual address.
# This output file may be truncated or incomplete.
#
#  Out of Memory Error (arena.cpp:189), pid=12936, tid=11764
#
# JRE version: OpenJDK Runtime Environment Temurin-17.0.1+12 (17.0.1+12) (build 17.0.1+12)
# Java VM: OpenJDK 64-Bit Server VM Temurin-17.0.1+12 (17.0.1+12, mixed mode, tiered, compressed oops, compressed class ptrs, parallel gc, windows-amd64)
# No core dump will be written. Minidumps are not enabled by default on client versions of Windows
#

---------------  S U M M A R Y ------------

Command Line: --add-modules=ALL-SYSTEM --add-opens=java.base/java.util=ALL-UNNAMED --add-opens=java.base/java.lang=ALL-UNNAMED --add-opens=java.base/sun.nio.fs=ALL-UNNAMED -Declipse.application=org.eclipse.jdt.ls.core.id1 -Dosgi.bundles.defaultStartLevel=4 -Declipse.product=org.eclipse.jdt.ls.core.product -Djava.import.generatesMetadataFilesAtProjectRoot=false -Dfile.encoding=utf8 -DwatchParentProcess=false -XX:+UseParallelGC -XX:GCTimeRatio=4 -XX:AdaptiveSizePolicyWeight=90 -Dsun.zip.disableMemoryMapping=true -Xmx1G -Xms100m -XX:+HeapDumpOnOutOfMemoryError -XX:HeapDumpPath=c:\Users\mrram\AppData\Roaming\Code\User\workspaceStorage\f602e17b257a17b9fef9110ed65222e8\redhat.java c:\Users\mrram\.vscode\extensions\redhat.java-1.3.0\server\plugins\org.eclipse.equinox.launcher_1.6.400.v20210924-0641.jar -configuration c:\Users\mrram\AppData\Roaming\Code\User\globalStorage\redhat.java\1.3.0\config_win -data c:\Users\mrram\AppData\Roaming\Code\User\workspaceStorage\f602e17b257a17b9fef9110ed65222e8\redhat.java\jdt_ws

Host: Intel(R) Core(TM) i7-8750H CPU @ 2.20GHz, 12 cores, 7G,  Windows 10 , 64 bit Build 19041 (10.0.19041.1503)
Time: Tue Feb 22 19:13:45 2022 W. Central Africa Standard Time elapsed time: 43.455475 seconds (0d 0h 0m 43s)

---------------  T H R E A D  ---------------

Current thread (0x00000161afd8eea0):  JavaThread "C2 CompilerThread0" daemon [_thread_in_native, id=11764, stack(0x0000002e3b400000,0x0000002e3b500000)]


Current CompileTask:
C2:  43455 6985       4       org.eclipse.jdt.internal.compiler.lookup.SplitPackageBinding::combine (73 bytes)

Stack: [0x0000002e3b400000,0x0000002e3b500000]
Native frames: (J=compiled Java code, j=interpreted, Vv=VM code, C=native code)
V  [jvm.dll+0x6744da]
V  [jvm.dll+0x82e144]
V  [jvm.dll+0x82f8ee]
V  [jvm.dll+0x82ff53]
V  [jvm.dll+0x245175]
V  [jvm.dll+0xab85b]
V  [jvm.dll+0xabdec]
V  [jvm.dll+0x362f07]
V  [jvm.dll+0x32d4c1]
V  [jvm.dll+0x32c96a]
V  [jvm.dll+0x218031]
V  [jvm.dll+0x217451]
V  [jvm.dll+0x1a355d]
V  [jvm.dll+0x226e38]
V  [jvm.dll+0x224f7c]
V  [jvm.dll+0x7e3f5b]
V  [jvm.dll+0x7de51a]
V  [jvm.dll+0x673305]
C  [ucrtbase.dll+0x21bb2]
C  [KERNEL32.DLL+0x17034]
C  [ntdll.dll+0x52651]


---------------  P R O C E S S  ---------------

Threads class SMR info:
_java_thread_list=0x00000161b2969d70, length=35, elements={
0x000001619a1ef0d0, 0x00000161ae070a60, 0x00000161ae071520, 0x00000161ae07a0d0,
0x00000161ae07ab90, 0x00000161ae07df10, 0x00000161afd88bc0, 0x00000161afd8eea0,
0x00000161afd91860, 0x00000161afd934f0, 0x00000161adf00940, 0x00000161affb67f0,
0x00000161b14f4490, 0x00000161b177f320, 0x00000161b1768800, 0x00000161b16a9210,
0x00000161b29e1e20, 0x00000161b2b6ecb0, 0x00000161b2ba7bb0, 0x00000161b2ba7210,
0x00000161b2ba76e0, 0x00000161b2ba5530, 0x00000161b2ba6870, 0x00000161b2ba8080,
0x00000161b2ba8550, 0x00000161b2ba5a00, 0x00000161b2ba6d40, 0x00000161b2ba8a20,
0x00000161b2ba5060, 0x00000161b2ba5ed0, 0x00000161b2ba63a0, 0x00000161b2e11540,
0x00000161b2e11a10, 0x00000161b2e12880, 0x00000161b2e11070
}

Java Threads: ( => current thread )
  0x000001619a1ef0d0 JavaThread "main" [_thread_blocked, id=17652, stack(0x0000002e3ab00000,0x0000002e3ac00000)]
  0x00000161ae070a60 JavaThread "Reference Handler" daemon [_thread_blocked, id=12520, stack(0x0000002e3ae00000,0x0000002e3af00000)]
  0x00000161ae071520 JavaThread "Finalizer" daemon [_thread_blocked, id=16884, stack(0x0000002e3af00000,0x0000002e3b000000)]
  0x00000161ae07a0d0 JavaThread "Signal Dispatcher" daemon [_thread_blocked, id=17040, stack(0x0000002e3b000000,0x0000002e3b100000)]
  0x00000161ae07ab90 JavaThread "Attach Listener" daemon [_thread_blocked, id=17180, stack(0x0000002e3b100000,0x0000002e3b200000)]
  0x00000161ae07df10 JavaThread "Service Thread" daemon [_thread_blocked, id=16864, stack(0x0000002e3b200000,0x0000002e3b300000)]
  0x00000161afd88bc0 JavaThread "Monitor Deflation Thread" daemon [_thread_blocked, id=10312, stack(0x0000002e3b300000,0x0000002e3b400000)]
=>0x00000161afd8eea0 JavaThread "C2 CompilerThread0" daemon [_thread_in_native, id=11764, stack(0x0000002e3b400000,0x0000002e3b500000)]
  0x00000161afd91860 JavaThread "C1 CompilerThread0" daemon [_thread_blocked, id=13092, stack(0x0000002e3b500000,0x0000002e3b600000)]
  0x00000161afd934f0 JavaThread "Sweeper thread" daemon [_thread_blocked, id=14892, stack(0x0000002e3b600000,0x0000002e3b700000)]
  0x00000161adf00940 JavaThread "Common-Cleaner" daemon [_thread_blocked, id=7840, stack(0x0000002e3b700000,0x0000002e3b800000)]
  0x00000161affb67f0 JavaThread "Notification Thread" daemon [_thread_blocked, id=3788, stack(0x0000002e3b900000,0x0000002e3ba00000)]
  0x00000161b14f4490 JavaThread "Active Thread: Equinox Container: 0d014a4c-7c24-48a7-a929-b59fa2294379" [_thread_blocked, id=16496, stack(0x0000002e3bb00000,0x0000002e3bc00000)]
  0x00000161b177f320 JavaThread "Framework Event Dispatcher: Equinox Container: 0d014a4c-7c24-48a7-a929-b59fa2294379" daemon [_thread_blocked, id=15852, stack(0x0000002e3bc00000,0x0000002e3bd00000)]
  0x00000161b1768800 JavaThread "Start Level: Equinox Container: 0d014a4c-7c24-48a7-a929-b59fa2294379" daemon [_thread_blocked, id=14968, stack(0x0000002e3c300000,0x0000002e3c400000)]
  0x00000161b16a9210 JavaThread "SCR Component Actor" daemon [_thread_blocked, id=7344, stack(0x0000002e3c400000,0x0000002e3c500000)]
  0x00000161b29e1e20 JavaThread "Worker-JM" [_thread_blocked, id=18876, stack(0x0000002e3c600000,0x0000002e3c700000)]
  0x00000161b2b6ecb0 JavaThread "Worker-0" [_thread_blocked, id=12256, stack(0x0000002e3c700000,0x0000002e3c800000)]
  0x00000161b2ba7bb0 JavaThread "Worker-1" [_thread_blocked, id=16400, stack(0x0000002e3cb00000,0x0000002e3cc00000)]
  0x00000161b2ba7210 JavaThread "Worker-2" [_thread_blocked, id=6568, stack(0x0000002e3cc00000,0x0000002e3cd00000)]
  0x00000161b2ba76e0 JavaThread "Java indexing" daemon [_thread_in_Java, id=12476, stack(0x0000002e3cd00000,0x0000002e3ce00000)]
  0x00000161b2ba5530 JavaThread "Bundle File Closer" daemon [_thread_blocked, id=12040, stack(0x0000002e3cf00000,0x0000002e3d000000)]
  0x00000161b2ba6870 JavaThread "pool-2-thread-1" [_thread_in_native, id=2672, stack(0x0000002e3d000000,0x0000002e3d100000)]
  0x00000161b2ba8080 JavaThread "Worker-3" [_thread_blocked, id=15820, stack(0x0000002e3d100000,0x0000002e3d200000)]
  0x00000161b2ba8550 JavaThread "Worker-4" [_thread_blocked, id=6536, stack(0x0000002e3d200000,0x0000002e3d300000)]
  0x00000161b2ba5a00 JavaThread "ForkJoinPool.commonPool-worker-1" daemon [_thread_blocked, id=17936, stack(0x0000002e3d300000,0x0000002e3d400000)]
  0x00000161b2ba6d40 JavaThread "ForkJoinPool.commonPool-worker-2" daemon [_thread_blocked, id=7264, stack(0x0000002e3d400000,0x0000002e3d500000)]
  0x00000161b2ba8a20 JavaThread "ForkJoinPool.commonPool-worker-3" daemon [_thread_blocked, id=13352, stack(0x0000002e3d500000,0x0000002e3d600000)]
  0x00000161b2ba5060 JavaThread "ForkJoinPool.commonPool-worker-4" daemon [_thread_blocked, id=17928, stack(0x0000002e3d600000,0x0000002e3d700000)]
  0x00000161b2ba5ed0 JavaThread "ForkJoinPool.commonPool-worker-5" daemon [_thread_blocked, id=8172, stack(0x0000002e3d700000,0x0000002e3d800000)]
  0x00000161b2ba63a0 JavaThread "ForkJoinPool.commonPool-worker-6" daemon [_thread_blocked, id=7020, stack(0x0000002e3d800000,0x0000002e3d900000)]
  0x00000161b2e11540 JavaThread "ForkJoinPool.commonPool-worker-7" daemon [_thread_blocked, id=16096, stack(0x0000002e3b800000,0x0000002e3b900000)]
  0x00000161b2e11a10 JavaThread "ForkJoinPool.commonPool-worker-8" daemon [_thread_blocked, id=2536, stack(0x0000002e3db00000,0x0000002e3dc00000)]
  0x00000161b2e12880 JavaThread "ForkJoinPool.commonPool-worker-9" daemon [_thread_blocked, id=9928, stack(0x0000002e3da00000,0x0000002e3db00000)]
  0x00000161b2e11070 JavaThread "ForkJoinPool.commonPool-worker-10" daemon [_thread_blocked, id=4920, stack(0x0000002e3d900000,0x0000002e3da00000)]

Other Threads:
  0x00000161afd51ce0 VMThread "VM Thread" [stack: 0x0000002e3ad00000,0x0000002e3ae00000] [id=16308]
  0x00000161b0097700 WatcherThread [stack: 0x0000002e3ba00000,0x0000002e3bb00000] [id=9636]
  0x000001619a207e70 GCTaskThread "GC Thread#0" [stack: 0x0000002e3ac00000,0x0000002e3ad00000] [id=7776]
  0x00000161b13f13f0 GCTaskThread "GC Thread#1" [stack: 0x0000002e3bd00000,0x0000002e3be00000] [id=19404]
  0x00000161b16ad8d0 GCTaskThread "GC Thread#2" [stack: 0x0000002e3be00000,0x0000002e3bf00000] [id=5408]
  0x00000161b16b7520 GCTaskThread "GC Thread#3" [stack: 0x0000002e3bf00000,0x0000002e3c000000] [id=16596]
  0x00000161b16b77d0 GCTaskThread "GC Thread#4" [stack: 0x0000002e3c000000,0x0000002e3c100000] [id=2908]
  0x00000161b16b7a80 GCTaskThread "GC Thread#5" [stack: 0x0000002e3c100000,0x0000002e3c200000] [id=14172]
  0x00000161b16b7d30 GCTaskThread "GC Thread#6" [stack: 0x0000002e3c200000,0x0000002e3c300000] [id=10164]
  0x00000161b2b6fd70 GCTaskThread "GC Thread#7" [stack: 0x0000002e3c800000,0x0000002e3c900000] [id=12768]
  0x00000161b2b70020 GCTaskThread "GC Thread#8" [stack: 0x0000002e3c900000,0x0000002e3ca00000] [id=10972]
  0x00000161b2b25450 GCTaskThread "GC Thread#9" [stack: 0x0000002e3ca00000,0x0000002e3cb00000] [id=11008]

Threads with active compile tasks:
C2 CompilerThread0    43492 6985       4       org.eclipse.jdt.internal.compiler.lookup.SplitPackageBinding::combine (73 bytes)

VM state: not at safepoint (normal execution)

VM Mutex/Monitor currently owned by a thread: None

Heap address: 0x00000000c0000000, size: 1024 MB, Compressed Oops mode: 32-bit

CDS archive(s) not mapped
Compressed class space mapped at: 0x0000000100000000-0x0000000140000000, reserved size: 1073741824
Narrow klass base: 0x0000000000000000, Narrow klass shift: 3, Narrow klass range: 0x140000000

GC Precious Log:
 CPUs: 12 total, 12 available
 Memory: 8051M
 Large Page Support: Disabled
 NUMA Support: Disabled
 Compressed Oops: Enabled (32-bit)
 Alignments: Space 512K, Generation 512K, Heap 2M
 Heap Min Capacity: 100M
 Heap Initial Capacity: 100M
 Heap Max Capacity: 1G
 Pre-touch: Disabled
 Parallel Workers: 10

Heap:
 PSYoungGen      total 22528K, used 13912K [0x00000000eab00000, 0x00000000ec900000, 0x0000000100000000)
  eden space 21504K, 61% used [0x00000000eab00000,0x00000000eb801ff8,0x00000000ec000000)
  from space 1024K, 57% used [0x00000000ec800000,0x00000000ec894010,0x00000000ec900000)
  to   space 2560K, 0% used [0x00000000ec400000,0x00000000ec400000,0x00000000ec680000)
 ParOldGen       total 100352K, used 86505K [0x00000000c0000000, 0x00000000c6200000, 0x00000000eab00000)
  object space 100352K, 86% used [0x00000000c0000000,0x00000000c547a7e0,0x00000000c6200000)
 Metaspace       used 59768K, committed 60608K, reserved 1105920K
  class space    used 6312K, committed 6656K, reserved 1048576K

Card table byte_map: [0x0000016199bd0000,0x0000016199de0000] _byte_map_base: 0x00000161995d0000

Marking Bits: (ParMarkBitMap*) 0x00007ffee9d92a60
 Begin Bits: [0x00000161abe80000, 0x00000161ace80000)
 End Bits:   [0x00000161ace80000, 0x00000161ade80000)

Polling page: 0x0000016198210000

Metaspace:

Usage:
  Non-class:     52.20 MB used.
      Class:      6.16 MB used.
       Both:     58.37 MB used.

Virtual space:
  Non-class space:       56.00 MB reserved,      52.69 MB ( 94%) committed,  7 nodes.
      Class space:        1.00 GB reserved,       6.50 MB ( <1%) committed,  1 nodes.
             Both:        1.05 GB reserved,      59.19 MB (  5%) committed. 

Chunk freelists:
   Non-Class:  3.28 MB
       Class:  1.38 MB
        Both:  4.66 MB

MaxMetaspaceSize: unlimited
CompressedClassSpaceSize: 1.00 GB
Initial GC threshold: 21.00 MB
Current GC threshold: 96.56 MB
CDS: off
MetaspaceReclaimPolicy: balanced
 - commit_granule_bytes: 65536.
 - commit_granule_words: 8192.
 - virtual_space_node_default_size: 1048576.
 - enlarge_chunks_in_place: 1.
 - new_chunks_are_fully_committed: 0.
 - uncommit_free_chunks: 1.
 - use_allocation_guard: 0.
 - handle_deallocations: 1.


Internal statistics:

num_allocs_failed_limit: 6.
num_arena_births: 380.
num_arena_deaths: 4.
num_vsnodes_births: 8.
num_vsnodes_deaths: 0.
num_space_committed: 947.
num_space_uncommitted: 0.
num_chunks_returned_to_freelist: 12.
num_chunks_taken_from_freelist: 2708.
num_chunk_merges: 7.
num_chunk_splits: 1700.
num_chunks_enlarged: 980.
num_purges: 2.
num_inconsistent_stats: 0.

CodeHeap 'non-profiled nmethods': size=120000Kb used=3478Kb max_used=3478Kb free=116522Kb
 bounds [0x00000161a4950000, 0x00000161a4cc0000, 0x00000161abe80000]
CodeHeap 'profiled nmethods': size=120000Kb used=13441Kb max_used=13441Kb free=106558Kb
 bounds [0x000001619d420000, 0x000001619e150000, 0x00000161a4950000]
CodeHeap 'non-nmethods': size=5760Kb used=1326Kb max_used=1444Kb free=4433Kb
 bounds [0x000001619ce80000, 0x000001619d0f0000, 0x000001619d420000]
 total_blobs=6808 nmethods=6144 adapters=577
 compilation: enabled
              stopped_count=0, restarted_count=0
 full_count=0

Compilation events (20 events):
Event: 43.374 Thread 0x00000161afd91860 7011       3       org.eclipse.jdt.core.dom.TypeBinding::getName (510 bytes)
Event: 43.437 Thread 0x00000161afd91860 nmethod 7011 0x000001619e131010 code [0x000001619e131660, 0x000001619e1359b8]
Event: 43.437 Thread 0x00000161afd91860 7013       3       org.eclipse.jdt.internal.compiler.lookup.BinaryTypeBinding::getField (89 bytes)
Event: 43.438 Thread 0x00000161afd91860 nmethod 7013 0x000001619e136e10 code [0x000001619e137000, 0x000001619e137538]
Event: 43.438 Thread 0x00000161afd91860 7014       3       org.eclipse.jdt.internal.compiler.lookup.UnresolvedReferenceBinding::resolve (277 bytes)
Event: 43.439 Thread 0x00000161afd91860 nmethod 7014 0x000001619e137710 code [0x000001619e137a00, 0x000001619e138b18]
Event: 43.439 Thread 0x00000161afd91860 7016  s    3       java.io.BufferedOutputStream::write (67 bytes)
Event: 43.439 Thread 0x00000161afd91860 nmethod 7016 0x000001619e139110 code [0x000001619e139320, 0x000001619e139a78]
Event: 43.440 Thread 0x00000161afd91860 7018       1       org.eclipse.jdt.ls.core.internal.handlers.WorkspaceExecuteCommandHandler$DelegateCommandHandlerDescriptor::getAllCommands (5 bytes)
Event: 43.440 Thread 0x00000161afd91860 nmethod 7018 0x00000161a4cb5210 code [0x00000161a4cb53a0, 0x00000161a4cb5478]
Event: 43.440 Thread 0x00000161afd91860 7020       3       java.util.regex.Pattern$LastNode::match (45 bytes)
Event: 43.440 Thread 0x00000161afd91860 nmethod 7020 0x000001619e139c90 code [0x000001619e139e40, 0x000001619e13a058]
Event: 43.440 Thread 0x00000161afd91860 7015       1       org.eclipse.jdt.internal.junit.launcher.JUnit5TestFinder$Annotation::getName (5 bytes)
Event: 43.440 Thread 0x00000161afd91860 nmethod 7015 0x00000161a4cb5510 code [0x00000161a4cb56a0, 0x00000161a4cb5778]
Event: 43.441 Thread 0x00000161afd91860 7021       3       org.eclipse.jdt.internal.core.JavaElement::getChildrenOfType (62 bytes)
Event: 43.441 Thread 0x00000161afd91860 nmethod 7021 0x000001619e13a190 code [0x000001619e13a3a0, 0x000001619e13acb8]
Event: 43.442 Thread 0x00000161afd91860 7022       3       java.lang.String::encodeASCII (151 bytes)
Event: 43.443 Thread 0x00000161afd91860 nmethod 7022 0x000001619e13b010 code [0x000001619e13b220, 0x000001619e13ba38]
Event: 43.445 Thread 0x00000161afd91860 7023  s!   3       org.eclipse.jdt.internal.core.index.DiskIndex::readCategoryTable (760 bytes)
Event: 43.450 Thread 0x00000161afd91860 nmethod 7023 0x000001619e13bc90 code [0x000001619e13c4c0, 0x000001619e140b88]

GC Heap History (20 events):
Event: 4.919 GC heap before
{Heap before GC invocations=15 (full 2):
 PSYoungGen      total 24064K, used 23776K [0x00000000eab00000, 0x00000000ec800000, 0x0000000100000000)
  eden space 22016K, 100% used [0x00000000eab00000,0x00000000ec080000,0x00000000ec080000)
  from space 2048K, 85% used [0x00000000ec600000,0x00000000ec7b83d0,0x00000000ec800000)
  to   space 2560K, 0% used [0x00000000ec300000,0x00000000ec300000,0x00000000ec580000)
 ParOldGen       total 68608K, used 27417K [0x00000000c0000000, 0x00000000c4300000, 0x00000000eab00000)
  object space 68608K, 39% used [0x00000000c0000000,0x00000000c1ac64d0,0x00000000c4300000)
 Metaspace       used 50759K, committed 51584K, reserved 1097728K
  class space    used 5489K, committed 5888K, reserved 1048576K
}
Event: 4.924 GC heap after
{Heap after GC invocations=15 (full 2):
 PSYoungGen      total 23552K, used 1472K [0x00000000eab00000, 0x00000000ec680000, 0x0000000100000000)
  eden space 22016K, 0% used [0x00000000eab00000,0x00000000eab00000,0x00000000ec080000)
  from space 1536K, 95% used [0x00000000ec300000,0x00000000ec470020,0x00000000ec480000)
  to   space 2048K, 0% used [0x00000000ec480000,0x00000000ec480000,0x00000000ec680000)
 ParOldGen       total 68608K, used 28832K [0x00000000c0000000, 0x00000000c4300000, 0x00000000eab00000)
  object space 68608K, 42% used [0x00000000c0000000,0x00000000c1c28198,0x00000000c4300000)
 Metaspace       used 50759K, committed 51584K, reserved 1097728K
  class space    used 5489K, committed 5888K, reserved 1048576K
}
Event: 5.965 GC heap before
{Heap before GC invocations=16 (full 2):
 PSYoungGen      total 23552K, used 23472K [0x00000000eab00000, 0x00000000ec680000, 0x0000000100000000)
  eden space 22016K, 99% used [0x00000000eab00000,0x00000000ec07c138,0x00000000ec080000)
  from space 1536K, 95% used [0x00000000ec300000,0x00000000ec470020,0x00000000ec480000)
  to   space 2048K, 0% used [0x00000000ec480000,0x00000000ec480000,0x00000000ec680000)
 ParOldGen       total 68608K, used 29000K [0x00000000c0000000, 0x00000000c4300000, 0x00000000eab00000)
  object space 68608K, 42% used [0x00000000c0000000,0x00000000c1c52088,0x00000000c4300000)
 Metaspace       used 54630K, committed 55488K, reserved 1105920K
  class space    used 5881K, committed 6272K, reserved 1048576K
}
Event: 5.968 GC heap after
{Heap after GC invocations=16 (full 2):
 PSYoungGen      total 23552K, used 2041K [0x00000000eab00000, 0x00000000ec980000, 0x0000000100000000)
  eden space 21504K, 0% used [0x00000000eab00000,0x00000000eab00000,0x00000000ec000000)
  from space 2048K, 99% used [0x00000000ec480000,0x00000000ec67e6f8,0x00000000ec680000)
  to   space 4608K, 0% used [0x00000000ec000000,0x00000000ec000000,0x00000000ec480000)
 ParOldGen       total 68608K, used 30857K [0x00000000c0000000, 0x00000000c4300000, 0x00000000eab00000)
  object space 68608K, 44% used [0x00000000c0000000,0x00000000c1e22788,0x00000000c4300000)
 Metaspace       used 54630K, committed 55488K, reserved 1105920K
  class space    used 5881K, committed 6272K, reserved 1048576K
}
Event: 6.319 GC heap before
{Heap before GC invocations=17 (full 2):
 PSYoungGen      total 23552K, used 23545K [0x00000000eab00000, 0x00000000ec980000, 0x0000000100000000)
  eden space 21504K, 100% used [0x00000000eab00000,0x00000000ec000000,0x00000000ec000000)
  from space 2048K, 99% used [0x00000000ec480000,0x00000000ec67e6f8,0x00000000ec680000)
  to   space 4608K, 0% used [0x00000000ec000000,0x00000000ec000000,0x00000000ec480000)
 ParOldGen       total 68608K, used 30961K [0x00000000c0000000, 0x00000000c4300000, 0x00000000eab00000)
  object space 68608K, 45% used [0x00000000c0000000,0x00000000c1e3c6a8,0x00000000c4300000)
 Metaspace       used 57563K, committed 58432K, reserved 1105920K
  class space    used 6183K, committed 6528K, reserved 1048576K
}
Event: 6.325 GC heap after
{Heap after GC invocations=17 (full 2):
 PSYoungGen      total 26112K, used 4600K [0x00000000eab00000, 0x00000000ed280000, 0x0000000100000000)
  eden space 21504K, 0% used [0x00000000eab00000,0x00000000eab00000,0x00000000ec000000)
  from space 4608K, 99% used [0x00000000ec000000,0x00000000ec47e328,0x00000000ec480000)
  to   space 9216K, 0% used [0x00000000ec980000,0x00000000ec980000,0x00000000ed280000)
 ParOldGen       total 68608K, used 34693K [0x00000000c0000000, 0x00000000c4300000, 0x00000000eab00000)
  object space 68608K, 50% used [0x00000000c0000000,0x00000000c21e1530,0x00000000c4300000)
 Metaspace       used 57563K, committed 58432K, reserved 1105920K
  class space    used 6183K, committed 6528K, reserved 1048576K
}
Event: 6.469 GC heap before
{Heap before GC invocations=18 (full 2):
 PSYoungGen      total 26112K, used 26104K [0x00000000eab00000, 0x00000000ed280000, 0x0000000100000000)
  eden space 21504K, 100% used [0x00000000eab00000,0x00000000ec000000,0x00000000ec000000)
  from space 4608K, 99% used [0x00000000ec000000,0x00000000ec47e328,0x00000000ec480000)
  to   space 9216K, 0% used [0x00000000ec980000,0x00000000ec980000,0x00000000ed280000)
 ParOldGen       total 79872K, used 72034K [0x00000000c0000000, 0x00000000c4e00000, 0x00000000eab00000)
  object space 79872K, 90% used [0x00000000c0000000,0x00000000c46588f0,0x00000000c4e00000)
 Metaspace       used 57971K, committed 58944K, reserved 1105920K
  class space    used 6232K, committed 6656K, reserved 1048576K
}
Event: 6.474 GC heap after
{Heap after GC invocations=18 (full 2):
 PSYoungGen      total 24064K, used 2176K [0x00000000eab00000, 0x00000000ecc00000, 0x0000000100000000)
  eden space 21504K, 0% used [0x00000000eab00000,0x00000000eab00000,0x00000000ec000000)
  from space 2560K, 85% used [0x00000000ec980000,0x00000000ecba0000,0x00000000ecc00000)
  to   space 4608K, 0% used [0x00000000ec300000,0x00000000ec300000,0x00000000ec780000)
 ParOldGen       total 79872K, used 75274K [0x00000000c0000000, 0x00000000c4e00000, 0x00000000eab00000)
  object space 79872K, 94% used [0x00000000c0000000,0x00000000c4982bf8,0x00000000c4e00000)
 Metaspace       used 57971K, committed 58944K, reserved 1105920K
  class space    used 6232K, committed 6656K, reserved 1048576K
}
Event: 6.602 GC heap before
{Heap before GC invocations=19 (full 2):
 PSYoungGen      total 24064K, used 23680K [0x00000000eab00000, 0x00000000ecc00000, 0x0000000100000000)
  eden space 21504K, 100% used [0x00000000eab00000,0x00000000ec000000,0x00000000ec000000)
  from space 2560K, 85% used [0x00000000ec980000,0x00000000ecba0000,0x00000000ecc00000)
  to   space 4608K, 0% used [0x00000000ec300000,0x00000000ec300000,0x00000000ec780000)
 ParOldGen       total 79872K, used 75274K [0x00000000c0000000, 0x00000000c4e00000, 0x00000000eab00000)
  object space 79872K, 94% used [0x00000000c0000000,0x00000000c4982bf8,0x00000000c4e00000)
 Metaspace       used 58410K, committed 59328K, reserved 1105920K
  class space    used 6269K, committed 6656K, reserved 1048576K
}
Event: 6.618 GC heap after
{Heap after GC invocations=19 (full 2):
 PSYoungGen      total 26112K, used 4598K [0x00000000eab00000, 0x00000000ee700000, 0x0000000100000000)
  eden space 21504K, 0% used [0x00000000eab00000,0x00000000eab00000,0x00000000ec000000)
  from space 4608K, 99% used [0x00000000ec300000,0x00000000ec77d988,0x00000000ec780000)
  to   space 19968K, 0% used [0x00000000ed380000,0x00000000ed380000,0x00000000ee700000)
 ParOldGen       total 88064K, used 87768K [0x00000000c0000000, 0x00000000c5600000, 0x00000000eab00000)
  object space 88064K, 99% used [0x00000000c0000000,0x00000000c55b61b8,0x00000000c5600000)
 Metaspace       used 58410K, committed 59328K, reserved 1105920K
  class space    used 6269K, committed 6656K, reserved 1048576K
}
Event: 6.618 GC heap before
{Heap before GC invocations=20 (full 3):
 PSYoungGen      total 26112K, used 4598K [0x00000000eab00000, 0x00000000ee700000, 0x0000000100000000)
  eden space 21504K, 0% used [0x00000000eab00000,0x00000000eab00000,0x00000000ec000000)
  from space 4608K, 99% used [0x00000000ec300000,0x00000000ec77d988,0x00000000ec780000)
  to   space 19968K, 0% used [0x00000000ed380000,0x00000000ed380000,0x00000000ee700000)
 ParOldGen       total 88064K, used 87768K [0x00000000c0000000, 0x00000000c5600000, 0x00000000eab00000)
  object space 88064K, 99% used [0x00000000c0000000,0x00000000c55b61b8,0x00000000c5600000)
 Metaspace       used 58410K, committed 59328K, reserved 1105920K
  class space    used 6269K, committed 6656K, reserved 1048576K
}
Event: 6.696 GC heap after
{Heap after GC invocations=20 (full 3):
 PSYoungGen      total 41472K, used 0K [0x00000000eab00000, 0x00000000ee700000, 0x0000000100000000)
  eden space 21504K, 0% used [0x00000000eab00000,0x00000000eab00000,0x00000000ec000000)
  from space 19968K, 0% used [0x00000000ed380000,0x00000000ed380000,0x00000000ee700000)
  to   space 19968K, 0% used [0x00000000ec000000,0x00000000ec000000,0x00000000ed380000)
 ParOldGen       total 100352K, used 61055K [0x00000000c0000000, 0x00000000c6200000, 0x00000000eab00000)
  object space 100352K, 60% used [0x00000000c0000000,0x00000000c3b9ff40,0x00000000c6200000)
 Metaspace       used 58406K, committed 59328K, reserved 1105920K
  class space    used 6268K, committed 6656K, reserved 1048576K
}
Event: 6.749 GC heap before
{Heap before GC invocations=21 (full 3):
 PSYoungGen      total 41472K, used 21504K [0x00000000eab00000, 0x00000000ee700000, 0x0000000100000000)
  eden space 21504K, 100% used [0x00000000eab00000,0x00000000ec000000,0x00000000ec000000)
  from space 19968K, 0% used [0x00000000ed380000,0x00000000ed380000,0x00000000ee700000)
  to   space 19968K, 0% used [0x00000000ec000000,0x00000000ec000000,0x00000000ed380000)
 ParOldGen       total 100352K, used 61055K [0x00000000c0000000, 0x00000000c6200000, 0x00000000eab00000)
  object space 100352K, 60% used [0x00000000c0000000,0x00000000c3b9ff40,0x00000000c6200000)
 Metaspace       used 58407K, committed 59328K, reserved 1105920K
  class space    used 6268K, committed 6656K, reserved 1048576K
}
Event: 6.758 GC heap after
{Heap after GC invocations=21 (full 3):
 PSYoungGen      total 36864K, used 15168K [0x00000000eab00000, 0x00000000edf00000, 0x0000000100000000)
  eden space 21504K, 0% used [0x00000000eab00000,0x00000000eab00000,0x00000000ec000000)
  from space 15360K, 98% used [0x00000000ec000000,0x00000000eced0000,0x00000000ecf00000)
  to   space 15872K, 0% used [0x00000000ecf80000,0x00000000ecf80000,0x00000000edf00000)
 ParOldGen       total 100352K, used 61055K [0x00000000c0000000, 0x00000000c6200000, 0x00000000eab00000)
  object space 100352K, 60% used [0x00000000c0000000,0x00000000c3b9ff40,0x00000000c6200000)
 Metaspace       used 58407K, committed 59328K, reserved 1105920K
  class space    used 6268K, committed 6656K, reserved 1048576K
}
Event: 37.773 GC heap before
{Heap before GC invocations=22 (full 3):
 PSYoungGen      total 36864K, used 36672K [0x00000000eab00000, 0x00000000edf00000, 0x0000000100000000)
  eden space 21504K, 100% used [0x00000000eab00000,0x00000000ec000000,0x00000000ec000000)
  from space 15360K, 98% used [0x00000000ec000000,0x00000000eced0000,0x00000000ecf00000)
  to   space 15872K, 0% used [0x00000000ecf80000,0x00000000ecf80000,0x00000000edf00000)
 ParOldGen       total 100352K, used 61055K [0x00000000c0000000, 0x00000000c6200000, 0x00000000eab00000)
  object space 100352K, 60% used [0x00000000c0000000,0x00000000c3b9ff40,0x00000000c6200000)
 Metaspace       used 58481K, committed 59392K, reserved 1105920K
  class space    used 6270K, committed 6656K, reserved 1048576K
}
Event: 37.786 GC heap after
{Heap after GC invocations=22 (full 3):
 PSYoungGen      total 37376K, used 15690K [0x00000000eab00000, 0x00000000edf00000, 0x0000000100000000)
  eden space 21504K, 0% used [0x00000000eab00000,0x00000000eab00000,0x00000000ec000000)
  from space 15872K, 98% used [0x00000000ecf80000,0x00000000eded2930,0x00000000edf00000)
  to   space 15872K, 0% used [0x00000000ec000000,0x00000000ec000000,0x00000000ecf80000)
 ParOldGen       total 100352K, used 76119K [0x00000000c0000000, 0x00000000c6200000, 0x00000000eab00000)
  object space 100352K, 75% used [0x00000000c0000000,0x00000000c4a55f40,0x00000000c6200000)
 Metaspace       used 58481K, committed 59392K, reserved 1105920K
  class space    used 6270K, committed 6656K, reserved 1048576K
}
Event: 39.377 GC heap before
{Heap before GC invocations=23 (full 3):
 PSYoungGen      total 37376K, used 37194K [0x00000000eab00000, 0x00000000edf00000, 0x0000000100000000)
  eden space 21504K, 100% used [0x00000000eab00000,0x00000000ec000000,0x00000000ec000000)
  from space 15872K, 98% used [0x00000000ecf80000,0x00000000eded2930,0x00000000edf00000)
  to   space 15872K, 0% used [0x00000000ec000000,0x00000000ec000000,0x00000000ecf80000)
 ParOldGen       total 100352K, used 76119K [0x00000000c0000000, 0x00000000c6200000, 0x00000000eab00000)
  object space 100352K, 75% used [0x00000000c0000000,0x00000000c4a55f40,0x00000000c6200000)
 Metaspace       used 59130K, committed 59968K, reserved 1105920K
  class space    used 6300K, committed 6656K, reserved 1048576K
}
Event: 39.383 GC heap after
{Heap after GC invocations=23 (full 3):
 PSYoungGen      total 25600K, used 3703K [0x00000000eab00000, 0x00000000ed000000, 0x0000000100000000)
  eden space 21504K, 0% used [0x00000000eab00000,0x00000000eab00000,0x00000000ec000000)
  from space 4096K, 90% used [0x00000000ec000000,0x00000000ec39df80,0x00000000ec400000)
  to   space 8192K, 0% used [0x00000000ec800000,0x00000000ec800000,0x00000000ed000000)
 ParOldGen       total 100352K, used 82855K [0x00000000c0000000, 0x00000000c6200000, 0x00000000eab00000)
  object space 100352K, 82% used [0x00000000c0000000,0x00000000c50e9f40,0x00000000c6200000)
 Metaspace       used 59130K, committed 59968K, reserved 1105920K
  class space    used 6300K, committed 6656K, reserved 1048576K
}
Event: 42.979 GC heap before
{Heap before GC invocations=24 (full 3):
 PSYoungGen      total 25600K, used 25207K [0x00000000eab00000, 0x00000000ed000000, 0x0000000100000000)
  eden space 21504K, 100% used [0x00000000eab00000,0x00000000ec000000,0x00000000ec000000)
  from space 4096K, 90% used [0x00000000ec000000,0x00000000ec39df80,0x00000000ec400000)
  to   space 8192K, 0% used [0x00000000ec800000,0x00000000ec800000,0x00000000ed000000)
 ParOldGen       total 100352K, used 82855K [0x00000000c0000000, 0x00000000c6200000, 0x00000000eab00000)
  object space 100352K, 82% used [0x00000000c0000000,0x00000000c50e9f40,0x00000000c6200000)
 Metaspace       used 59736K, committed 60608K, reserved 1105920K
  class space    used 6312K, committed 6656K, reserved 1048576K
}
Event: 42.982 GC heap after
{Heap after GC invocations=24 (full 3):
 PSYoungGen      total 22528K, used 592K [0x00000000eab00000, 0x00000000ec900000, 0x0000000100000000)
  eden space 21504K, 0% used [0x00000000eab00000,0x00000000eab00000,0x00000000ec000000)
  from space 1024K, 57% used [0x00000000ec800000,0x00000000ec894010,0x00000000ec900000)
  to   space 2560K, 0% used [0x00000000ec400000,0x00000000ec400000,0x00000000ec680000)
 ParOldGen       total 100352K, used 86505K [0x00000000c0000000, 0x00000000c6200000, 0x00000000eab00000)
  object space 100352K, 86% used [0x00000000c0000000,0x00000000c547a7e0,0x00000000c6200000)
 Metaspace       used 59736K, committed 60608K, reserved 1105920K
  class space    used 6312K, committed 6656K, reserved 1048576K
}

Deoptimization events (20 events):
Event: 41.960 Thread 0x00000161b2ba8550 DEOPT PACKING pc=0x00000161a4c863cc sp=0x0000002e3d2fedd0
Event: 41.960 Thread 0x00000161b2ba8550 DEOPT UNPACKING pc=0x000001619ced20a3 sp=0x0000002e3d2fed80 mode 2
Event: 42.406 Thread 0x00000161b2ba8080 DEOPT PACKING pc=0x000001619db410dc sp=0x0000002e3d1fe160
Event: 42.406 Thread 0x00000161b2ba8080 DEOPT UNPACKING pc=0x000001619ced2843 sp=0x0000002e3d1fd5f8 mode 0
Event: 42.960 Thread 0x00000161b2ba6870 Uncommon trap: trap_request=0xffffffdc fr.pc=0x00000161a4c89a6c relative=0x00000000000002cc
Event: 42.960 Thread 0x00000161b2ba6870 Uncommon trap: reason=class_check action=make_not_entrant pc=0x00000161a4c89a6c method=java.util.ArrayList.toArray([Ljava/lang/Object;)[Ljava/lang/Object; @ 21 c2
Event: 42.960 Thread 0x00000161b2ba6870 DEOPT PACKING pc=0x00000161a4c89a6c sp=0x0000002e3d0fdeb0
Event: 42.961 Thread 0x00000161b2ba6870 DEOPT UNPACKING pc=0x000001619ced20a3 sp=0x0000002e3d0fde70 mode 2
Event: 42.982 Thread 0x00000161b2ba76e0 Uncommon trap: trap_request=0xffffff45 fr.pc=0x00000161a49ccfb4 relative=0x0000000000001114
Event: 42.982 Thread 0x00000161b2ba76e0 Uncommon trap: reason=unstable_if action=reinterpret pc=0x00000161a49ccfb4 method=org.eclipse.jdt.internal.core.index.DiskIndex.mergeCategory([CLorg/eclipse/jdt/internal/core/index/DiskIndex;[ILjava/io/FileOutputStream;)V @ 185 c2
Event: 42.982 Thread 0x00000161b2ba76e0 DEOPT PACKING pc=0x00000161a49ccfb4 sp=0x0000002e3cdfed00
Event: 42.982 Thread 0x00000161b2ba76e0 DEOPT UNPACKING pc=0x000001619ced20a3 sp=0x0000002e3cdfecb0 mode 2
Event: 42.984 Thread 0x00000161b2ba76e0 Uncommon trap: trap_request=0xffffff45 fr.pc=0x00000161a4a3db94 relative=0x0000000000000674
Event: 42.984 Thread 0x00000161b2ba76e0 Uncommon trap: reason=unstable_if action=reinterpret pc=0x00000161a4a3db94 method=org.eclipse.jdt.internal.core.index.DiskIndex.writeStreamChars(Ljava/io/FileOutputStream;[CII)V @ 24 c2
Event: 42.984 Thread 0x00000161b2ba76e0 DEOPT PACKING pc=0x00000161a4a3db94 sp=0x0000002e3cdfec40
Event: 42.984 Thread 0x00000161b2ba76e0 DEOPT UNPACKING pc=0x000001619ced20a3 sp=0x0000002e3cdfeab8 mode 2
Event: 42.985 Thread 0x00000161b2ba76e0 Uncommon trap: trap_request=0xffffff45 fr.pc=0x00000161a4a26558 relative=0x0000000000000238
Event: 42.985 Thread 0x00000161b2ba76e0 Uncommon trap: reason=unstable_if action=reinterpret pc=0x00000161a4a26558 method=org.eclipse.jdt.internal.core.index.DiskIndex.writeStreamChars(Ljava/io/FileOutputStream;[CII)V @ 24 c2
Event: 42.985 Thread 0x00000161b2ba76e0 DEOPT PACKING pc=0x00000161a4a26558 sp=0x0000002e3cdfebd0
Event: 42.986 Thread 0x00000161b2ba76e0 DEOPT UNPACKING pc=0x000001619ced20a3 sp=0x0000002e3cdfeac0 mode 2

Classes unloaded (2 events):
Event: 6.635 Thread 0x00000161afd51ce0 Unloading class 0x0000000100638800 'java/lang/invoke/LambdaForm$DMH+0x0000000100638800'
Event: 6.635 Thread 0x00000161afd51ce0 Unloading class 0x0000000100638400 'java/lang/invoke/LambdaForm$DMH+0x0000000100638400'

Classes redefined (0 events):
No events

Internal exceptions (20 events):
Event: 5.525 Thread 0x00000161b2ba5a00 Exception <a 'java/lang/NoSuchMethodError'{0x00000000eb93fcb0}: 'int java.lang.invoke.DirectMethodHandle$Holder.invokeSpecial(java.lang.Object, java.lang.Object, java.lang.Object)'> (0x00000000eb93fcb0) 
thrown [e:\jenkins\tmp\workspace\build\src\src\hotspot\share\interpreter\linkResolver.cpp, line 766]
Event: 5.562 Thread 0x00000161b2ba5060 Exception <a 'java/lang/ArrayIndexOutOfBoundsException'{0x00000000eb927f18}: Index 2119 out of bounds for length 2118> (0x00000000eb927f18) 
thrown [e:\jenkins\tmp\workspace\build\src\src\hotspot\share\interpreter\interpreterRuntime.cpp, line 428]
Event: 5.563 Thread 0x00000161b2ba5ed0 Exception <a 'java/lang/ArrayIndexOutOfBoundsException'{0x00000000eb9591d8}: Index 2507 out of bounds for length 2506> (0x00000000eb9591d8) 
thrown [e:\jenkins\tmp\workspace\build\src\src\hotspot\share\interpreter\interpreterRuntime.cpp, line 428]
Event: 6.110 Thread 0x00000161b2ba8080 Exception <a 'java/lang/NoSuchMethodError'{0x00000000eb275cf0}: 'java.lang.Object java.lang.invoke.DirectMethodHandle$Holder.newInvokeSpecial(java.lang.Object, java.lang.Object, java.lang.Object, int, java.lang.Object)'> (0x00000000eb275cf0) 
thrown [e:\jenkins\tmp\workspace\build\src\src\hotspot\share\interpreter\linkResolver.cpp, line 766]
Event: 6.110 Thread 0x00000161b2ba8080 Exception <a 'java/lang/NoSuchMethodError'{0x00000000eb27a0f0}: 'java.lang.Object java.lang.invoke.DirectMethodHandle$Holder.invokeSpecial(java.lang.Object, java.lang.Object, java.lang.Object, java.lang.Object, int, java.lang.Object)'> (0x00000000eb27a0f0) 
thrown [e:\jenkins\tmp\workspace\build\src\src\hotspot\share\interpreter\linkResolver.cpp, line 766]
Event: 6.111 Thread 0x00000161b2ba8080 Exception <a 'java/lang/NoSuchMethodError'{0x00000000eb27ddf0}: 'java.lang.Object java.lang.invoke.Invokers$Holder.linkToTargetMethod(java.lang.Object, java.lang.Object, int, java.lang.Object, java.lang.Object)'> (0x00000000eb27ddf0) 
thrown [e:\jenkins\tmp\workspace\build\src\src\hotspot\share\interpreter\linkResolver.cpp, line 766]
Event: 6.144 Thread 0x00000161b2ba8080 Exception <a 'java/lang/NoSuchMethodError'{0x00000000eb3ddff8}: 'java.lang.Object java.lang.invoke.DirectMethodHandle$Holder.invokeStatic(java.lang.Object, java.lang.Object, int, java.lang.Object)'> (0x00000000eb3ddff8) 
thrown [e:\jenkins\tmp\workspace\build\src\src\hotspot\share\interpreter\linkResolver.cpp, line 766]
Event: 6.145 Thread 0x00000161b2ba8080 Exception <a 'java/lang/NoSuchMethodError'{0x00000000eb408218}: 'java.lang.Object java.lang.invoke.DirectMethodHandle$Holder.newInvokeSpecial(java.lang.Object, java.lang.Object, int)'> (0x00000000eb408218) 
thrown [e:\jenkins\tmp\workspace\build\src\src\hotspot\share\interpreter\linkResolver.cpp, line 766]
Event: 6.231 Thread 0x00000161b2e13bc0 Exception <a 'sun/nio/fs/WindowsException'{0x00000000eb957c98}> (0x00000000eb957c98) 
thrown [e:\jenkins\tmp\workspace\build\src\src\hotspot\share\prims\jni.cpp, line 516]
Event: 6.360 Thread 0x00000161b2ba6d40 Exception <a 'java/lang/NoSuchMethodError'{0x00000000ebc792d8}: 'int java.lang.invoke.DirectMethodHandle$Holder.invokeSpecialIFC(java.lang.Object, java.lang.Object, java.lang.Object, java.lang.Object)'> (0x00000000ebc792d8) 
thrown [e:\jenkins\tmp\workspace\build\src\src\hotspot\share\interpreter\linkResolver.cpp, line 766]
Event: 6.459 Thread 0x00000161b2ba6d40 Exception <a 'java/lang/ArrayIndexOutOfBoundsException'{0x00000000ebde89f8}: Index 2507 out of bounds for length 2506> (0x00000000ebde89f8) 
thrown [e:\jenkins\tmp\workspace\build\src\src\hotspot\share\interpreter\interpreterRuntime.cpp, line 428]
Event: 6.459 Thread 0x00000161b2e11540 Exception <a 'java/lang/ArrayIndexOutOfBoundsException'{0x00000000ebe19fc8}: Index 2119 out of bounds for length 2118> (0x00000000ebe19fc8) 
thrown [e:\jenkins\tmp\workspace\build\src\src\hotspot\share\interpreter\interpreterRuntime.cpp, line 428]
Event: 6.505 Thread 0x00000161b2ba8a20 Exception <a 'java/lang/ClassNotFoundException'{0x00000000eaffc660}: sun/util/logging/resources/spi/loggingProvider> (0x00000000eaffc660) 
thrown [e:\jenkins\tmp\workspace\build\src\src\hotspot\share\classfile\systemDictionary.cpp, line 256]
Event: 38.149 Thread 0x00000161b2ba8a20 Exception <a 'java/lang/ArrayIndexOutOfBoundsException'{0x00000000eb3e62b8}> (0x00000000eb3e62b8) 
thrown [e:\jenkins\tmp\workspace\build\src\src\hotspot\share\runtime\sharedRuntime.cpp, line 628]
Event: 38.178 Thread 0x00000161b2ba8a20 Exception <a 'java/lang/NoSuchMethodError'{0x00000000eb4ea218}: 'java.lang.Object java.lang.invoke.DirectMethodHandle$Holder.invokeStatic(java.lang.Object, int, java.lang.Object, java.lang.Object, java.lang.Object, java.lang.Object)'> (0x00000000eb4ea218) 
thrown [e:\jenkins\tmp\workspace\build\src\src\hotspot\share\interpreter\linkResolver.cpp, line 766]
Event: 38.955 Thread 0x00000161b2ba7210 Exception <a 'sun/nio/fs/WindowsException'{0x00000000ebdd1520}> (0x00000000ebdd1520) 
thrown [e:\jenkins\tmp\workspace\build\src\src\hotspot\share\prims\jni.cpp, line 516]
Event: 38.968 Thread 0x00000161b2e14a30 Implicit null exception at 0x00000161a4b57ea0 to 0x00000161a4b58000
Event: 39.323 Thread 0x00000161b2ba8a20 Exception <a 'java/lang/ArrayIndexOutOfBoundsException'{0x00000000ebf3c140}> (0x00000000ebf3c140) 
thrown [e:\jenkins\tmp\workspace\build\src\src\hotspot\share\runtime\sharedRuntime.cpp, line 628]
Event: 39.449 Thread 0x00000161b2ba76e0 Implicit null exception at 0x00000161a4bd20b4 to 0x00000161a4bd24ac
Event: 42.131 Thread 0x00000161b2e12880 Exception <a 'java/lang/ArrayIndexOutOfBoundsException'{0x00000000eb7084f0}> (0x00000000eb7084f0) 
thrown [e:\jenkins\tmp\workspace\build\src\src\hotspot\share\runtime\sharedRuntime.cpp, line 628]

VM Operations (20 events):
Event: 8.817 Executing VM operation: Cleanup
Event: 8.818 Executing VM operation: Cleanup done
Event: 32.057 Executing VM operation: Cleanup
Event: 32.057 Executing VM operation: Cleanup done
Event: 37.772 Executing VM operation: ParallelGCFailedAllocation
Event: 37.787 Executing VM operation: ParallelGCFailedAllocation done
Event: 38.083 Executing VM operation: HandshakeAllThreads
Event: 38.083 Executing VM operation: HandshakeAllThreads done
Event: 38.156 Executing VM operation: ICBufferFull
Event: 38.157 Executing VM operation: ICBufferFull done
Event: 38.943 Executing VM operation: ICBufferFull
Event: 38.943 Executing VM operation: ICBufferFull done
Event: 39.376 Executing VM operation: ParallelGCFailedAllocation
Event: 39.383 Executing VM operation: ParallelGCFailedAllocation done
Event: 41.382 Executing VM operation: Cleanup
Event: 41.382 Executing VM operation: Cleanup done
Event: 42.387 Executing VM operation: Cleanup
Event: 42.387 Executing VM operation: Cleanup done
Event: 42.979 Executing VM operation: ParallelGCFailedAllocation
Event: 42.982 Executing VM operation: ParallelGCFailedAllocation done

Events (20 events):
Event: 38.902 Thread 0x00000161bf32ea80 Thread exited: 0x00000161bf32ea80
Event: 38.951 Thread 0x00000161b2e11070 Thread added: 0x00000161b2e11070
Event: 38.953 Thread 0x00000161b2e11070 Thread exited: 0x00000161b2e11070
Event: 38.963 Thread 0x00000161b2e14a30 Thread added: 0x00000161b2e14a30
Event: 38.972 Thread 0x00000161bf331810 Thread added: 0x00000161bf331810
Event: 38.982 Thread 0x00000161b2e14a30 Thread exited: 0x00000161b2e14a30
Event: 39.372 Thread 0x00000161bf331810 Thread exited: 0x00000161bf331810
Event: 39.373 Thread 0x00000161b2e11070 Thread added: 0x00000161b2e11070
Event: 39.404 Thread 0x00000161bf32ef90 Thread added: 0x00000161bf32ef90
Event: 39.404 Thread 0x00000161bf331810 Thread added: 0x00000161bf331810
Event: 40.133 Thread 0x00000161bf331810 Thread exited: 0x00000161bf331810
Event: 40.162 Thread 0x00000161bf32ef90 Thread exited: 0x00000161bf32ef90
Event: 40.586 Thread 0x00000161bf32e060 Thread added: 0x00000161bf32e060
Event: 40.991 Thread 0x00000161bf32e060 Thread exited: 0x00000161bf32e060
Event: 40.995 Thread 0x00000161b2e13220 Thread added: 0x00000161b2e13220
Event: 40.997 Thread 0x00000161b2e13220 Thread exited: 0x00000161b2e13220
Event: 42.319 Thread 0x00000161bf331300 Thread added: 0x00000161bf331300
Event: 43.247 Thread 0x00000161bf331300 Thread exited: 0x00000161bf331300
Event: 43.251 Thread 0x00000161b2e14a30 Thread added: 0x00000161b2e14a30
Event: 43.253 Thread 0x00000161b2e14a30 Thread exited: 0x00000161b2e14a30


Dynamic libraries:
0x00007ff74c550000 - 0x00007ff74c55e000 	c:\Users\mrram\.vscode\extensions\redhat.java-1.3.0\jre\17.0.1-win32-x86_64\bin\java.exe
0x00007fff28d90000 - 0x00007fff28f85000 	C:\WINDOWS\SYSTEM32\ntdll.dll
0x00007fff28be0000 - 0x00007fff28c9e000 	C:\WINDOWS\System32\KERNEL32.DLL
0x00007fff26550000 - 0x00007fff26818000 	C:\WINDOWS\System32\KERNELBASE.dll
0x00007fff26a70000 - 0x00007fff26b70000 	C:\WINDOWS\System32\ucrtbase.dll
0x00007fff20770000 - 0x00007fff20788000 	c:\Users\mrram\.vscode\extensions\redhat.java-1.3.0\jre\17.0.1-win32-x86_64\bin\jli.dll
0x00007fff113d0000 - 0x00007fff113e9000 	c:\Users\mrram\.vscode\extensions\redhat.java-1.3.0\jre\17.0.1-win32-x86_64\bin\VCRUNTIME140.dll
0x00007fff26de0000 - 0x00007fff26f80000 	C:\WINDOWS\System32\USER32.dll
0x00007fff0ebd0000 - 0x00007fff0ee6a000 	C:\WINDOWS\WinSxS\amd64_microsoft.windows.common-controls_6595b64144ccf1df_6.0.19041.1110_none_60b5254171f9507e\COMCTL32.dll
0x00007fff26890000 - 0x00007fff268b2000 	C:\WINDOWS\System32\win32u.dll
0x00007fff279b0000 - 0x00007fff27a4e000 	C:\WINDOWS\System32\msvcrt.dll
0x00007fff28b50000 - 0x00007fff28b7b000 	C:\WINDOWS\System32\GDI32.dll
0x00007fff26cd0000 - 0x00007fff26ddd000 	C:\WINDOWS\System32\gdi32full.dll
0x00007fff26940000 - 0x00007fff269dd000 	C:\WINDOWS\System32\msvcp_win.dll
0x00007fff28300000 - 0x00007fff28330000 	C:\WINDOWS\System32\IMM32.DLL
0x00007fff21710000 - 0x00007fff2171c000 	c:\Users\mrram\.vscode\extensions\redhat.java-1.3.0\jre\17.0.1-win32-x86_64\bin\vcruntime140_1.dll
0x00007ffeeef40000 - 0x00007ffeeefd1000 	c:\Users\mrram\.vscode\extensions\redhat.java-1.3.0\jre\17.0.1-win32-x86_64\bin\msvcp140.dll
0x00007ffee9210000 - 0x00007ffee9e56000 	c:\Users\mrram\.vscode\extensions\redhat.java-1.3.0\jre\17.0.1-win32-x86_64\bin\server\jvm.dll
0x00007fff28ca0000 - 0x00007fff28d4e000 	C:\WINDOWS\System32\ADVAPI32.dll
0x00007fff276b0000 - 0x00007fff2774c000 	C:\WINDOWS\System32\sechost.dll
0x00007fff28610000 - 0x00007fff28735000 	C:\WINDOWS\System32\RPCRT4.dll
0x00007fff27400000 - 0x00007fff27408000 	C:\WINDOWS\System32\PSAPI.DLL
0x00007fff21640000 - 0x00007fff21649000 	C:\WINDOWS\SYSTEM32\WSOCK32.dll
0x00007fff1d880000 - 0x00007fff1d88a000 	C:\WINDOWS\SYSTEM32\VERSION.dll
0x00007fff0f370000 - 0x00007fff0f397000 	C:\WINDOWS\SYSTEM32\WINMM.dll
0x00007fff27a50000 - 0x00007fff27abb000 	C:\WINDOWS\System32\WS2_32.dll
0x00007fff24d20000 - 0x00007fff24d32000 	C:\WINDOWS\SYSTEM32\kernel.appcore.dll
0x00007fff207a0000 - 0x00007fff207aa000 	c:\Users\mrram\.vscode\extensions\redhat.java-1.3.0\jre\17.0.1-win32-x86_64\bin\jimage.dll
0x00007fff24a40000 - 0x00007fff24c24000 	C:\WINDOWS\SYSTEM32\DBGHELP.DLL
0x00007fff0a790000 - 0x00007fff0a7bc000 	C:\WINDOWS\SYSTEM32\dbgcore.DLL
0x00007fff269e0000 - 0x00007fff26a62000 	C:\WINDOWS\System32\bcryptPrimitives.dll
0x00007fff00c40000 - 0x00007fff00c65000 	c:\Users\mrram\.vscode\extensions\redhat.java-1.3.0\jre\17.0.1-win32-x86_64\bin\java.dll
0x00007fff113b0000 - 0x00007fff113c8000 	c:\Users\mrram\.vscode\extensions\redhat.java-1.3.0\jre\17.0.1-win32-x86_64\bin\zip.dll
0x00007fff27b30000 - 0x00007fff28274000 	C:\WINDOWS\System32\SHELL32.dll
0x00007fff242a0000 - 0x00007fff24a34000 	C:\WINDOWS\SYSTEM32\windows.storage.dll
0x00007fff287f0000 - 0x00007fff28b45000 	C:\WINDOWS\System32\combase.dll
0x00007fff25ef0000 - 0x00007fff25f1e000 	C:\WINDOWS\SYSTEM32\Wldp.dll
0x00007fff27900000 - 0x00007fff279ad000 	C:\WINDOWS\System32\SHCORE.dll
0x00007fff282a0000 - 0x00007fff282f5000 	C:\WINDOWS\System32\shlwapi.dll
0x00007fff263e0000 - 0x00007fff263ff000 	C:\WINDOWS\SYSTEM32\profapi.dll
0x00007fff01630000 - 0x00007fff01649000 	C:\Users\mrram\.vscode\extensions\redhat.java-1.3.0\jre\17.0.1-win32-x86_64\bin\net.dll
0x00007fff147b0000 - 0x00007fff148bc000 	C:\WINDOWS\SYSTEM32\WINHTTP.dll
0x00007fff25c50000 - 0x00007fff25cba000 	C:\WINDOWS\system32\mswsock.dll
0x00007fff01510000 - 0x00007fff01525000 	C:\Users\mrram\.vscode\extensions\redhat.java-1.3.0\jre\17.0.1-win32-x86_64\bin\nio.dll
0x00007fff25e40000 - 0x00007fff25e58000 	C:\WINDOWS\SYSTEM32\CRYPTSP.dll
0x00007fff25560000 - 0x00007fff25594000 	C:\WINDOWS\system32\rsaenh.dll
0x00007fff26910000 - 0x00007fff26937000 	C:\WINDOWS\System32\bcrypt.dll
0x00007fff263a0000 - 0x00007fff263ce000 	C:\WINDOWS\SYSTEM32\USERENV.dll
0x00007fff25e60000 - 0x00007fff25e6c000 	C:\WINDOWS\SYSTEM32\CRYPTBASE.dll
0x00007fff258f0000 - 0x00007fff2592b000 	C:\WINDOWS\SYSTEM32\IPHLPAPI.DLL
0x00007fff27520000 - 0x00007fff27528000 	C:\WINDOWS\System32\NSI.dll
0x00007fff1d820000 - 0x00007fff1d837000 	C:\WINDOWS\SYSTEM32\dhcpcsvc6.DLL
0x00007fff1d800000 - 0x00007fff1d81d000 	C:\WINDOWS\SYSTEM32\dhcpcsvc.DLL
0x00007fff25930000 - 0x00007fff259fb000 	C:\WINDOWS\SYSTEM32\DNSAPI.dll
0x00007ffefccc0000 - 0x00007ffefccfe000 	C:\Users\mrram\AppData\Roaming\Code\User\globalStorage\redhat.java\1.3.0\config_win\org.eclipse.equinox.launcher\org.eclipse.equinox.launcher.win32.win32.x86_64_1.2.400.v20211117-0650\eclipse_11602.dll
0x00007fff284e0000 - 0x00007fff2860a000 	C:\WINDOWS\System32\ole32.dll
0x00007fff216e0000 - 0x00007fff216f0000 	c:\Users\mrram\.vscode\extensions\redhat.java-1.3.0\jre\17.0.1-win32-x86_64\bin\verify.dll
0x00007ffefe360000 - 0x00007ffefe371000 	C:\Users\mrram\AppData\Roaming\Code\User\globalStorage\redhat.java\1.3.0\config_win\org.eclipse.osgi\22\0\.cp\jWinHttp-1.0.0.dll
0x00007fff1fdf0000 - 0x00007fff1fdfe000 	C:\Users\mrram\.vscode\extensions\redhat.java-1.3.0\jre\17.0.1-win32-x86_64\bin\sunmscapi.dll
0x00007fff26b70000 - 0x00007fff26cc6000 	C:\WINDOWS\System32\CRYPT32.dll
0x00007fff25f60000 - 0x00007fff25f87000 	C:\WINDOWS\SYSTEM32\ncrypt.dll
0x00007fff25f20000 - 0x00007fff25f5b000 	C:\WINDOWS\SYSTEM32\NTASN1.dll

dbghelp: loaded successfully - version: 4.0.5 - missing functions: none
symbol engine: initialized successfully - sym options: 0x614 - pdb path: .;c:\Users\mrram\.vscode\extensions\redhat.java-1.3.0\jre\17.0.1-win32-x86_64\bin;C:\WINDOWS\SYSTEM32;C:\WINDOWS\WinSxS\amd64_microsoft.windows.common-controls_6595b64144ccf1df_6.0.19041.1110_none_60b5254171f9507e;c:\Users\mrram\.vscode\extensions\redhat.java-1.3.0\jre\17.0.1-win32-x86_64\bin\server;C:\Users\mrram\AppData\Roaming\Code\User\globalStorage\redhat.java\1.3.0\config_win\org.eclipse.equinox.launcher\org.eclipse.equinox.launcher.win32.win32.x86_64_1.2.400.v20211117-0650;C:\Users\mrram\AppData\Roaming\Code\User\globalStorage\redhat.java\1.3.0\config_win\org.eclipse.osgi\22\0\.cp

VM Arguments:
jvm_args: --add-modules=ALL-SYSTEM --add-opens=java.base/java.util=ALL-UNNAMED --add-opens=java.base/java.lang=ALL-UNNAMED --add-opens=java.base/sun.nio.fs=ALL-UNNAMED -Declipse.application=org.eclipse.jdt.ls.core.id1 -Dosgi.bundles.defaultStartLevel=4 -Declipse.product=org.eclipse.jdt.ls.core.product -Djava.import.generatesMetadataFilesAtProjectRoot=false -Dfile.encoding=utf8 -DwatchParentProcess=false -XX:+UseParallelGC -XX:GCTimeRatio=4 -XX:AdaptiveSizePolicyWeight=90 -Dsun.zip.disableMemoryMapping=true -Xmx1G -Xms100m -XX:+HeapDumpOnOutOfMemoryError -XX:HeapDumpPath=c:\Users\mrram\AppData\Roaming\Code\User\workspaceStorage\f602e17b257a17b9fef9110ed65222e8\redhat.java 
java_command: c:\Users\mrram\.vscode\extensions\redhat.java-1.3.0\server\plugins\org.eclipse.equinox.launcher_1.6.400.v20210924-0641.jar -configuration c:\Users\mrram\AppData\Roaming\Code\User\globalStorage\redhat.java\1.3.0\config_win -data c:\Users\mrram\AppData\Roaming\Code\User\workspaceStorage\f602e17b257a17b9fef9110ed65222e8\redhat.java\jdt_ws
java_class_path (initial): c:\Users\mrram\.vscode\extensions\redhat.java-1.3.0\server\plugins\org.eclipse.equinox.launcher_1.6.400.v20210924-0641.jar
Launcher Type: SUN_STANDARD

[Global flags]
    uintx AdaptiveSizePolicyWeight                 = 90                                        {product} {command line}
     intx CICompilerCount                          = 4                                         {product} {ergonomic}
    uintx GCTimeRatio                              = 4                                         {product} {command line}
     bool HeapDumpOnOutOfMemoryError               = true                                   {manageable} {command line}
    ccstr HeapDumpPath                             = c:\Users\mrram\AppData\Roaming\Code\User\workspaceStorage\f602e17b257a17b9fef9110ed65222e8\redhat.java         {manageable} {command line}
   size_t InitialHeapSize                          = 104857600                                 {product} {command line}
   size_t MaxHeapSize                              = 1073741824                                {product} {command line}
   size_t MaxNewSize                               = 357564416                                 {product} {ergonomic}
   size_t MinHeapDeltaBytes                        = 524288                                    {product} {ergonomic}
   size_t MinHeapSize                              = 104857600                                 {product} {command line}
   size_t NewSize                                  = 34603008                                  {product} {ergonomic}
    uintx NonNMethodCodeHeapSize                   = 5839372                                {pd product} {ergonomic}
    uintx NonProfiledCodeHeapSize                  = 122909434                              {pd product} {ergonomic}
   size_t OldSize                                  = 70254592                                  {product} {ergonomic}
    uintx ProfiledCodeHeapSize                     = 122909434                              {pd product} {ergonomic}
    uintx ReservedCodeCacheSize                    = 251658240                              {pd product} {ergonomic}
     bool SegmentedCodeCache                       = true                                      {product} {ergonomic}
   size_t SoftMaxHeapSize                          = 1073741824                             {manageable} {ergonomic}
     bool UseCompressedClassPointers               = true                           {product lp64_product} {ergonomic}
     bool UseCompressedOops                        = true                           {product lp64_product} {ergonomic}
     bool UseLargePagesIndividualAllocation        = false                                  {pd product} {ergonomic}
     bool UseParallelGC                            = true                                      {product} {command line}

Logging:
Log output configuration:
 #0: stdout all=warning uptime,level,tags
 #1: stderr all=off uptime,level,tags

Environment Variables:
PATH=C:\Program Files\Eclipse Adoptium\jdk-17.0.1.12-hotspot\bin;C:\ProgramData\Oracle\Java\javapath;E:\Program Files (x86)\VMware\VMware Player\bin\;C:\Program Files\Common Files\Oracle\Java\javapath;C:\Program Files (x86)\Common Files\Oracle\Java\javapath;C:\WINDOWS\system32;C:\WINDOWS;C:\WINDOWS\System32\Wbem;C:\WINDOWS\System32\WindowsPowerShell\v1.0\;C:\WINDOWS\System32\OpenSSH\;C:\Program Files\Git\cmd;C:\Program Files\nodejs\;C:\php;C:\ProgramData\ComposerSetup\bin;C:\Users\mrram\scoop\shims;E:\Users\mrram\anaconda3;E:\Users\mrram\anaconda3\Library\mingw-w64\bin;E:\Users\mrram\anaconda3\Library\usr\bin;E:\Users\mrram\anaconda3\Library\bin;E:\Users\mrram\anaconda3\Scripts;C:\Users\mrram\AppData\Local\Microsoft\WindowsApps;C:\Users\mrram\AppData\Local\Programs\Microsoft VS Code\bin;C:\Users\mrram\AppData\Roaming\npm;C:\Users\mrram\AppData\Local\GitHubDesktop\bin;C:\Users\mrram\AppData\Roaming\Composer\vendor\bin
USERNAME=mrram
OS=Windows_NT
PROCESSOR_IDENTIFIER=Intel64 Family 6 Model 158 Stepping 10, GenuineIntel



---------------  S Y S T E M  ---------------

OS:
 Windows 10 , 64 bit Build 19041 (10.0.19041.1503)
OS uptime: 4 days 22:45 hours

CPU: total 12 (initial active 12) (6 cores per cpu, 2 threads per core) family 6 model 158 stepping 10 microcode 0xb4, cx8, cmov, fxsr, ht, mmx, 3dnowpref, sse, sse2, sse3, ssse3, sse4.1, sse4.2, popcnt, lzcnt, tsc, tscinvbit, avx, avx2, aes, erms, clmul, bmi1, bmi2, adx, fma, vzeroupper, clflush, clflushopt

Memory: 4k page, system-wide physical 8051M (253M free)
TotalPageFile size 32627M (AvailPageFile size 5M)
current process WorkingSet (physical memory assigned to process): 292M, peak: 334M
current process commit charge ("private bytes"): 352M, peak: 395M

vm_info: OpenJDK 64-Bit Server VM (17.0.1+12) for windows-amd64 JRE (17.0.1+12), built on Oct 20 2021 07:42:55 by "" with MS VC++ 16.7 (VS2019)

END.
